% mean class accuracy (train set)	
 3.8533e+01	
 4.9076e+01	
 5.0551e+01	
 5.0933e+01	
 5.1404e+01	
 5.1683e+01	
 5.2062e+01	
 5.1844e+01	
 5.2285e+01	
 5.2477e+01	
 5.2463e+01	
 5.2636e+01	
 5.2781e+01	
 5.3027e+01	
 5.3227e+01	
 5.3314e+01	
 5.3506e+01	
 5.3660e+01	
 5.3905e+01	
 5.3958e+01	
 5.4120e+01	
 5.4407e+01	
 5.4429e+01	
 5.4582e+01	
 5.4753e+01	
 5.4817e+01	
 5.4990e+01	
 5.5260e+01	
 5.5196e+01	
 5.5427e+01	
 5.5402e+01	
 5.5606e+01	
 5.5681e+01	
 5.5714e+01	
 5.5848e+01	
 5.5918e+01	
 5.5935e+01	
 5.6085e+01	
 5.6161e+01	
 5.6122e+01	
 5.6166e+01	
 5.6255e+01	
 5.6347e+01	
 5.6484e+01	
 5.6509e+01	
 5.6587e+01	
 5.6640e+01	
 5.6724e+01	
 5.6794e+01	
 5.6841e+01	
 5.6855e+01	
 5.6930e+01	
 5.7039e+01	
 5.7000e+01	
 5.7139e+01	
 5.7164e+01	
 5.7201e+01	
 5.7273e+01	
 5.7268e+01	
 5.7376e+01	
 5.7463e+01	
 5.7452e+01	
 5.7574e+01	
 5.7624e+01	
 5.7619e+01	
 5.7619e+01	
 5.7792e+01	
 5.7772e+01	
 5.7847e+01	
 5.7825e+01	
 5.7875e+01	
 5.7973e+01	
 5.7984e+01	
 5.8023e+01	
 5.7992e+01	
 5.8065e+01	
 5.8037e+01	
 5.8182e+01	
 5.8174e+01	
 5.8199e+01	
 5.8199e+01	
 5.8196e+01	
 5.8243e+01	
 5.8257e+01	
 5.8422e+01	
 5.8366e+01	
 5.8439e+01	
 5.8388e+01	
 5.8408e+01	
 5.8349e+01	
 5.8453e+01	
 5.8461e+01	
 5.8578e+01	
 5.8639e+01	
 5.8595e+01	
 5.8539e+01	
 5.8751e+01	
 5.8729e+01	
 5.8673e+01	
 5.8717e+01	
 5.8745e+01	
 5.8804e+01	
 5.8798e+01	
 5.8795e+01	
 5.8784e+01	
 5.8862e+01	
 5.8952e+01	
 5.8991e+01	
 5.8968e+01	
 5.8988e+01	
 5.9007e+01	
 5.9161e+01	
 5.9091e+01	
 5.9200e+01	
 5.9108e+01	
 5.9108e+01	
 5.9205e+01	
 5.9278e+01	
 5.9158e+01	
 5.9217e+01	
 5.9292e+01	
 5.9381e+01	
 5.9334e+01	
 5.9401e+01	
 5.9375e+01	
 5.9389e+01	
 5.9540e+01	
 5.9487e+01	
 5.9504e+01	
 5.9462e+01	
 5.9529e+01	
 5.9582e+01	
 5.9663e+01	
 5.9612e+01	
 5.9682e+01	
 5.9688e+01	
 5.9699e+01	
 5.9766e+01	
 5.9721e+01	
 5.9763e+01	
 5.9771e+01	
 5.9875e+01	
 5.9866e+01	
 5.9838e+01	
 5.9833e+01	
 5.9869e+01	
 5.9805e+01	
 5.9916e+01	
 6.0033e+01	
 6.0028e+01	
 6.0033e+01	
 6.0123e+01	
 6.0078e+01	
 6.0114e+01	
 6.0156e+01	
 6.0114e+01	
 6.0192e+01	
 6.0217e+01	
 6.0234e+01	
 6.0262e+01	
 6.0335e+01	
 6.0374e+01	
 6.0357e+01	
 6.0435e+01	
 6.0513e+01	
 6.0494e+01	
 6.0446e+01	
 6.0546e+01	
 6.0591e+01	
 6.0563e+01	
 6.0622e+01	
 6.0602e+01	
 6.0675e+01	
 6.0717e+01	
 6.0705e+01	
 6.0717e+01	
 6.0728e+01	
 6.0708e+01	
 6.0809e+01	
 6.0834e+01	
 6.0814e+01	
 6.0820e+01	
 6.0906e+01	
 6.0934e+01	
 6.0928e+01	
 6.0976e+01	
 6.0995e+01	
 6.1020e+01	
 6.1057e+01	
 6.1057e+01	
 6.1051e+01	
 6.1132e+01	
 6.1115e+01	
 6.1152e+01	
 6.1115e+01	
 6.1232e+01	
 6.1182e+01	
 6.1235e+01	
 6.1283e+01	
 6.1246e+01	
 6.1316e+01	
 6.1266e+01	
 6.1322e+01	
 6.1291e+01	
 6.1416e+01	
 6.1377e+01	
 6.1366e+01	
 6.1411e+01	
 6.1464e+01	
 6.1486e+01	
 6.1570e+01	
 6.1522e+01	
 6.1564e+01	
 6.1536e+01	
 6.1606e+01	
 6.1539e+01	
 6.1648e+01	
 6.1698e+01	
 6.1564e+01	
 6.1681e+01	
 6.1684e+01	
 6.1698e+01	
 6.1740e+01	
 6.1840e+01	
 6.1793e+01	
 6.1824e+01	
 6.1904e+01	
 6.1916e+01	
 6.1846e+01	
 6.1893e+01	
 6.1882e+01	
 6.1935e+01	
 6.2002e+01	
 6.1994e+01	
 6.2086e+01	
 6.2130e+01	
 6.2019e+01	
 6.2122e+01	
 6.2203e+01	
 6.2180e+01	
 6.2247e+01	
 6.2175e+01	
 6.2186e+01	
 6.2350e+01	
 6.2334e+01	
 6.2317e+01	
 6.2270e+01	
 6.2362e+01	
 6.2462e+01	
 6.2442e+01	
 6.2429e+01	
 6.2507e+01	
 6.2537e+01	
 6.2417e+01	
 6.2468e+01	
 6.2548e+01	
 6.2537e+01	
 6.2629e+01	
 6.2535e+01	
 6.2635e+01	
 6.2652e+01	
 6.2657e+01	
 6.2713e+01	
 6.2685e+01	
 6.2730e+01	
 6.2760e+01	
 6.2710e+01	
 6.2758e+01	
 6.2777e+01	
 6.2905e+01	
 6.2897e+01	
 6.2838e+01	
 6.2914e+01	
 6.3039e+01	
 6.2978e+01	
 6.3084e+01	
 6.2989e+01	
 6.3048e+01	
 6.3084e+01	
 6.3059e+01	
 6.3028e+01	
 6.3103e+01	
 6.3128e+01	
 6.3209e+01	
 6.3131e+01	
 6.3204e+01	
 6.3151e+01	
 6.3248e+01	
 6.3204e+01	
 6.3215e+01	
 6.3293e+01	
 6.3312e+01	
 6.3307e+01	
 6.3287e+01	
 6.3329e+01	
 6.3338e+01	
 6.3404e+01	
 6.3360e+01	
 6.3432e+01	
 6.3374e+01	
 6.3402e+01	
 6.3402e+01	
 6.3474e+01	
 6.3413e+01	
 6.3505e+01	
 6.3555e+01	
 6.3561e+01	
 6.3575e+01	
 6.3566e+01	
 6.3544e+01	
 6.3508e+01	
 6.3591e+01	
 6.3622e+01	
 6.3614e+01	
 6.3678e+01	
 6.3630e+01	
 6.3627e+01	
 6.3689e+01	
 6.3736e+01	
 6.3837e+01	
 6.3834e+01	
 6.3786e+01	
 6.3789e+01	
 6.3803e+01	
 6.3853e+01	
 6.3864e+01	
 6.3825e+01	
 6.3853e+01	
 6.3834e+01	
 6.3912e+01	
 6.3912e+01	
 6.3954e+01	
 6.3887e+01	
 6.4032e+01	
 6.4029e+01	
 6.3943e+01	
 6.4001e+01	
 6.4085e+01	
 6.4021e+01	
 6.4057e+01	
 6.4071e+01	
 6.4099e+01	
 6.4032e+01	
 6.4071e+01	
 6.4099e+01	
 6.4157e+01	
 6.4263e+01	
 6.4202e+01	
 6.4154e+01	
 6.4182e+01	
 6.4246e+01	
 6.4221e+01	
 6.4194e+01	
 6.4294e+01	
 6.4288e+01	
 6.4325e+01	
 6.4291e+01	
 6.4361e+01	
 6.4372e+01	
 6.4291e+01	
 6.4408e+01	
 6.4338e+01	
 6.4419e+01	
 6.4495e+01	
 6.4422e+01	
 6.4436e+01	
 6.4425e+01	
 6.4483e+01	
 6.4408e+01	
 6.4472e+01	
 6.4511e+01	
 6.4534e+01	
 6.4531e+01	
 6.4497e+01	
 6.4589e+01	
 6.4581e+01	
 6.4601e+01	
 6.4573e+01	
 6.4584e+01	
 6.4676e+01	
 6.4729e+01	
 6.4720e+01	
 6.4723e+01	
 6.4757e+01	
 6.4746e+01	
 6.4782e+01	
 6.4865e+01	
 6.4726e+01	
 6.4762e+01	
 6.4782e+01	
 6.4796e+01	
 6.4768e+01	
 6.4857e+01	
 6.4829e+01	
 6.4863e+01	
 6.4910e+01	
 6.4818e+01	
 6.4910e+01	
 6.4935e+01	
 6.4930e+01	
 6.4885e+01	
 6.4969e+01	
 6.4974e+01	
 6.4991e+01	
 6.4969e+01	
 6.4999e+01	
 6.5024e+01	
 6.5089e+01	
 6.4963e+01	
 6.4983e+01	
 6.5049e+01	
 6.4974e+01	
 6.5033e+01	
 6.5063e+01	
 6.5128e+01	
 6.5061e+01	
 6.5111e+01	
 6.5139e+01	
 6.5097e+01	
 6.5061e+01	
 6.5197e+01	
 6.5102e+01	
 6.5063e+01	
 6.5183e+01	
 6.5133e+01	
 6.5225e+01	
 6.5273e+01	
 6.5161e+01	
 6.5231e+01	
 6.5278e+01	
 6.5320e+01	
 6.5306e+01	
 6.5365e+01	
 6.5345e+01	
 6.5247e+01	
 6.5409e+01	
 6.5320e+01	
 6.5390e+01	
 6.5270e+01	
 6.5484e+01	
 6.5376e+01	
 6.5457e+01	
 6.5379e+01	
 6.5445e+01	
 6.5454e+01	
 6.5426e+01	
 6.5540e+01	
 6.5490e+01	
 6.5515e+01	
 6.5479e+01	
 6.5574e+01	
 6.5571e+01	
 6.5565e+01	
 6.5565e+01	
 6.5560e+01	
 6.5571e+01	
 6.5599e+01	
 6.5663e+01	
 6.5596e+01	
 6.5663e+01	
 6.5716e+01	
 6.5643e+01	
 6.5643e+01	
 6.5705e+01	
 6.5716e+01	
 6.5685e+01	
 6.5760e+01	
 6.5708e+01	
 6.5616e+01	
 6.5721e+01	
 6.5747e+01	
 6.5705e+01	
 6.5791e+01	
 6.5774e+01	
 6.5914e+01	
 6.5836e+01	
 6.5802e+01	
 6.5847e+01	
 6.5819e+01	
 6.5805e+01	
 6.5883e+01	
 6.5833e+01	
 6.5928e+01	
 6.5847e+01	
 6.5869e+01	
 6.5872e+01	
 6.5897e+01	
 6.5894e+01	
 6.5936e+01	
 6.5900e+01	
 6.5919e+01	
 6.5853e+01	
 6.5961e+01	
 6.5880e+01	
 6.5903e+01	
 6.6023e+01	
 6.5958e+01	
 6.5986e+01	
 6.5970e+01	
 6.6011e+01	
 6.5984e+01	
 6.6050e+01	
 6.6039e+01	
 6.6090e+01	
 6.6106e+01	
 6.6042e+01	
 6.6006e+01	
 6.6129e+01	
 6.6059e+01	
 6.6131e+01	
 6.6117e+01	
 6.6081e+01	
 6.6151e+01	
 6.6148e+01	
 6.6140e+01	
 6.6154e+01	
 6.6193e+01	
 6.6165e+01	
 6.6209e+01	
 6.6154e+01	
 6.6176e+01	
 6.6179e+01	
 6.6279e+01	
 6.6129e+01	
 6.6248e+01	
 6.6223e+01	
 6.6299e+01	
 6.6285e+01	
 6.6346e+01	
 6.6271e+01	
 6.6357e+01	
 6.6212e+01	
 6.6329e+01	
 6.6374e+01	
 6.6327e+01	
 6.6254e+01	
 6.6329e+01	
 6.6268e+01	
 6.6410e+01	
 6.6346e+01	
 6.6382e+01	
 6.6413e+01	
 6.6424e+01	
 6.6382e+01	
 6.6460e+01	
 6.6310e+01	
 6.6508e+01	
 6.6524e+01	
 6.6399e+01	
 6.6371e+01	
 6.6497e+01	
 6.6497e+01	
 6.6538e+01	
 6.6480e+01	
 6.6483e+01	
 6.6566e+01	
 6.6513e+01	
 6.6597e+01	
 6.6564e+01	
 6.6530e+01	
 6.6605e+01	
 6.6524e+01	
 6.6639e+01	
 6.6644e+01	
 6.6603e+01	
 6.6689e+01	
 6.6647e+01	
 6.6580e+01	
 6.6653e+01	
 6.6700e+01	
 6.6661e+01	
 6.6714e+01	
 6.6667e+01	
 6.6658e+01	
 6.6767e+01	
 6.6778e+01	
 6.6803e+01	
 6.6734e+01	
 6.6689e+01	
 6.6792e+01	
 6.6700e+01	
 6.6722e+01	
 6.6789e+01	
 6.6809e+01	
 6.6842e+01	
 6.6840e+01	
 6.6840e+01	
 6.6879e+01	
 6.6831e+01	
 6.6856e+01	
 6.6801e+01	
 6.6912e+01	
 6.6923e+01	
 6.6764e+01	
 6.6920e+01	
 6.6934e+01	
 6.6890e+01	
 6.6895e+01	
 6.6865e+01	
 6.6929e+01	
 6.6876e+01	
 6.7012e+01	
 6.6948e+01	
 6.6968e+01	
 6.6856e+01	
 6.6959e+01	
 6.7051e+01	
 6.7007e+01	
 6.7004e+01	
 6.6923e+01	
 6.6959e+01	
 6.6965e+01	
 6.7001e+01	
 6.7018e+01	
 6.7040e+01	
 6.7043e+01	
 6.7093e+01	
 6.7118e+01	
 6.7049e+01	
 6.7102e+01	
 6.7024e+01	
 6.7082e+01	
 6.7040e+01	
 6.7085e+01	
 6.7104e+01	
 6.7071e+01	
 6.7071e+01	
 6.7163e+01	
 6.7085e+01	
 6.7191e+01	
 6.7222e+01	
 6.7152e+01	
 6.7155e+01	
 6.7157e+01	
 6.7135e+01	
 6.7116e+01	
 6.7180e+01	
 6.7222e+01	
 6.7182e+01	
 6.7113e+01	
 6.7277e+01	
 6.7219e+01	
 6.7135e+01	
 6.7188e+01	
 6.7210e+01	
 6.7269e+01	
 6.7261e+01	
 6.7182e+01	
 6.7347e+01	
 6.7297e+01	
 6.7322e+01	
 6.7375e+01	
 6.7247e+01	
 6.7344e+01	
 6.7300e+01	
 6.7358e+01	
 6.7280e+01	
 6.7272e+01	
 6.7355e+01	
 6.7364e+01	
 6.7339e+01	
 6.7330e+01	
 6.7456e+01	
 6.7472e+01	
 6.7428e+01	
 6.7411e+01	
 6.7392e+01	
 6.7472e+01	
 6.7400e+01	
 6.7509e+01	
 6.7492e+01	
 6.7417e+01	
 6.7431e+01	
 6.7500e+01	
 6.7498e+01	
 6.7500e+01	
 6.7534e+01	
 6.7470e+01	
 6.7453e+01	
 6.7506e+01	
 6.7545e+01	
 6.7478e+01	
 6.7523e+01	
 6.7506e+01	
 6.7525e+01	
 6.7537e+01	
 6.7400e+01	
 6.7514e+01	
 6.7615e+01	
 6.7590e+01	
 6.7539e+01	
 6.7525e+01	
 6.7609e+01	
 6.7576e+01	
 6.7676e+01	
 6.7598e+01	
 6.7676e+01	
 6.7606e+01	
 6.7578e+01	
 6.7590e+01	
 6.7670e+01	
 6.7723e+01	
 6.7676e+01	
 6.7673e+01	
 6.7693e+01	
 6.7785e+01	
 6.7604e+01	
 6.7631e+01	
 6.7623e+01	
 6.7676e+01	
 6.7749e+01	
 6.7668e+01	
 6.7701e+01	
 6.7696e+01	
 6.7749e+01	
 6.7679e+01	
 6.7746e+01	
 6.7768e+01	
 6.7818e+01	
 6.7735e+01	
 6.7743e+01	
 6.7790e+01	
 6.7804e+01	
 6.7735e+01	
 6.7810e+01	
 6.7829e+01	
 6.7854e+01	
 6.7793e+01	
 6.7835e+01	
 6.7891e+01	
 6.7829e+01	
 6.7838e+01	
 6.7927e+01	
 6.7866e+01	
 6.7849e+01	
 6.7860e+01	
 6.7841e+01	
 6.7896e+01	
 6.7896e+01	
 6.7891e+01	
 6.7866e+01	
 6.7910e+01	
 6.7905e+01	
 6.7935e+01	
 6.7835e+01	
 6.7949e+01	
 6.7880e+01	
 6.8022e+01	
 6.7921e+01	
 6.8041e+01	
 6.7958e+01	
 6.7994e+01	
 6.7988e+01	
 6.8016e+01	
 6.8005e+01	
 6.7991e+01	
 6.8027e+01	
 6.7949e+01	
 6.8022e+01	
 6.7938e+01	
 6.8036e+01	
 6.8027e+01	
 6.8055e+01	
 6.8047e+01	
 6.8072e+01	
 6.8011e+01	
 6.8078e+01	
 6.8008e+01	
 6.8066e+01	
 6.8211e+01	
 6.8078e+01	
 6.8052e+01	
 6.8069e+01	
 6.8206e+01	
 6.8111e+01	
 6.8156e+01	
 6.8161e+01	
 6.8033e+01	
 6.8094e+01	
 6.8105e+01	
 6.8206e+01	
 6.8041e+01	
 6.8153e+01	
 6.8139e+01	
 6.8136e+01	
 6.8122e+01	
 6.8167e+01	
 6.8281e+01	
 6.8211e+01	
 6.8161e+01	
 6.8186e+01	
 6.8217e+01	
 6.8289e+01	
 6.8239e+01	
 6.8284e+01	
 6.8239e+01	
 6.8287e+01	
 6.8298e+01	
 6.8262e+01	
 6.8158e+01	
 6.8197e+01	
 6.8328e+01	
 6.8248e+01	
 6.8289e+01	
 6.8320e+01	
 6.8306e+01	
 6.8256e+01	
 6.8326e+01	
 6.8295e+01	
 6.8356e+01	
 6.8287e+01	
 6.8292e+01	
 6.8306e+01	
 6.8345e+01	
 6.8362e+01	
 6.8342e+01	
 6.8468e+01	
 6.8376e+01	
 6.8409e+01	
 6.8407e+01	
 6.8342e+01	
 6.8404e+01	
 6.8303e+01	
 6.8446e+01	
 6.8298e+01	
 6.8376e+01	
 6.8434e+01	
 6.8440e+01	
 6.8381e+01	
 6.8367e+01	
 6.8446e+01	
 6.8432e+01	
 6.8457e+01	
 6.8437e+01	
 6.8448e+01	
 6.8387e+01	
 6.8381e+01	
 6.8448e+01	
 6.8420e+01	
 6.8454e+01	
 6.8476e+01	
 6.8448e+01	
 6.8485e+01	
 6.8479e+01	
 6.8437e+01	
 6.8490e+01	
 6.8420e+01	
 6.8540e+01	
 6.8448e+01	
 6.8499e+01	
 6.8370e+01	
 6.8588e+01	
 6.8535e+01	
 6.8568e+01	
 6.8515e+01	
 6.8524e+01	
 6.8538e+01	
 6.8565e+01	
 6.8457e+01	
 6.8540e+01	
 6.8510e+01	
 6.8538e+01	
 6.8691e+01	
 6.8532e+01	
 6.8604e+01	
 6.8574e+01	
 6.8560e+01	
 6.8632e+01	
 6.8599e+01	
 6.8646e+01	
 6.8599e+01	
 6.8621e+01	
 6.8649e+01	
 6.8710e+01	
 6.8618e+01	
 6.8613e+01	
 6.8632e+01	
 6.8632e+01	
 6.8610e+01	
 6.8660e+01	
 6.8697e+01	
 6.8755e+01	
 6.8577e+01	
 6.8688e+01	
 6.8699e+01	
 6.8685e+01	
 6.8560e+01	
 6.8713e+01	
 6.8680e+01	
 6.8657e+01	
 6.8663e+01	
 6.8766e+01	
 6.8749e+01	
 6.8705e+01	
 6.8671e+01	
 6.8660e+01	
 6.8688e+01	
 6.8702e+01	
 6.8825e+01	
 6.8724e+01	
 6.8789e+01	
 6.8738e+01	
 6.8680e+01	
 6.8680e+01	
 6.8741e+01	
 6.8730e+01	
 6.8719e+01	
 6.8841e+01	
 6.8766e+01	
 6.8755e+01	
 6.8738e+01	
 6.8761e+01	
 6.8847e+01	
 6.8850e+01	
 6.8747e+01	
 6.8769e+01	
 6.8747e+01	
 6.8624e+01	
 6.8730e+01	
 6.8833e+01	
 6.8713e+01	
 6.8814e+01	
 6.8755e+01	
 6.8761e+01	
 6.8908e+01	
 6.8808e+01	
 6.8864e+01	
 6.8828e+01	
 6.8830e+01	
 6.8889e+01	
 6.8724e+01	
 6.8883e+01	
 6.8881e+01	
 6.8802e+01	
 6.8836e+01	
 6.8959e+01	
 6.8961e+01	
 6.8875e+01	
 6.8900e+01	
 6.8847e+01	
 6.8894e+01	
 6.8970e+01	
 6.8816e+01	
 6.8917e+01	
 6.8828e+01	
 6.8833e+01	
 6.8892e+01	
 6.8903e+01	
 6.8850e+01	
 6.8942e+01	
 6.8978e+01	
 6.8970e+01	
