% mean class accuracy (train set)	
 4.0441e+01	
 5.1738e+01	
 5.6751e+01	
 5.9091e+01	
 5.9826e+01	
 6.0027e+01	
 5.9960e+01	
 6.1297e+01	
 6.0695e+01	
 6.2099e+01	
 6.1898e+01	
 6.2099e+01	
 6.2634e+01	
 6.3369e+01	
 6.4840e+01	
 6.4906e+01	
 6.5107e+01	
 6.4706e+01	
 6.5709e+01	
 6.6176e+01	
 6.5976e+01	
 6.6511e+01	
 6.6979e+01	
 6.7647e+01	
 6.7580e+01	
 6.7981e+01	
 6.8316e+01	
 6.8449e+01	
 6.8449e+01	
 6.8717e+01	
 6.8516e+01	
 6.8115e+01	
 6.8516e+01	
 6.8650e+01	
 6.8449e+01	
 6.9184e+01	
 6.9452e+01	
 6.9385e+01	
 6.8984e+01	
 6.9586e+01	
 6.9452e+01	
 6.9452e+01	
 6.9652e+01	
 6.9385e+01	
 6.9652e+01	
 6.9652e+01	
 7.0388e+01	
 7.0254e+01	
 7.0120e+01	
 7.0187e+01	
 7.0455e+01	
 7.0521e+01	
 7.0455e+01	
 7.0455e+01	
 7.0989e+01	
 7.1123e+01	
 7.0388e+01	
 7.0722e+01	
 7.1123e+01	
 7.0655e+01	
 7.0989e+01	
 7.1190e+01	
 7.0989e+01	
 7.1257e+01	
 7.1123e+01	
 7.1791e+01	
 7.1190e+01	
 7.1791e+01	
 7.1591e+01	
 7.1992e+01	
 7.1524e+01	
 7.2460e+01	
 7.2059e+01	
 7.1925e+01	
 7.2326e+01	
 7.2259e+01	
 7.1925e+01	
 7.2995e+01	
 7.2527e+01	
 7.2460e+01	
 7.2660e+01	
 7.2193e+01	
 7.3061e+01	
 7.3061e+01	
 7.2794e+01	
 7.2594e+01	
 7.2660e+01	
 7.3329e+01	
 7.2861e+01	
 7.3061e+01	
 7.3128e+01	
 7.2995e+01	
 7.4064e+01	
 7.3463e+01	
 7.4131e+01	
 7.3396e+01	
 7.3596e+01	
 7.3529e+01	
 7.3864e+01	
 7.3730e+01	
 7.4198e+01	
 7.3730e+01	
 7.4131e+01	
 7.3797e+01	
 7.4064e+01	
 7.4332e+01	
 7.4332e+01	
 7.4465e+01	
 7.4799e+01	
 7.5334e+01	
 7.4465e+01	
 7.4332e+01	
 7.5000e+01	
 7.5067e+01	
 7.4666e+01	
 7.4733e+01	
 7.5067e+01	
 7.5134e+01	
 7.4933e+01	
 7.5201e+01	
 7.5735e+01	
 7.5869e+01	
 7.5535e+01	
 7.5936e+01	
 7.6203e+01	
 7.5869e+01	
 7.5668e+01	
 7.6003e+01	
 7.6738e+01	
 7.6471e+01	
 7.6738e+01	
 7.7072e+01	
 7.7206e+01	
 7.6939e+01	
 7.6805e+01	
 7.7206e+01	
 7.7607e+01	
 7.7206e+01	
 7.7540e+01	
 7.7273e+01	
 7.7406e+01	
 7.6872e+01	
 7.8075e+01	
 7.7406e+01	
 7.7874e+01	
 7.7941e+01	
 7.8008e+01	
 7.8209e+01	
 7.8075e+01	
 7.7941e+01	
 7.8209e+01	
 7.8275e+01	
 7.7941e+01	
 7.9011e+01	
 7.8810e+01	
 7.8676e+01	
 7.8810e+01	
 7.8810e+01	
 7.8877e+01	
 7.9612e+01	
 7.9078e+01	
 7.9612e+01	
 7.9211e+01	
 7.9880e+01	
 7.9746e+01	
 7.9880e+01	
 8.0615e+01	
 8.0281e+01	
 8.0414e+01	
 8.0749e+01	
 8.1417e+01	
 8.0348e+01	
 8.0949e+01	
 8.1150e+01	
 8.1484e+01	
